15:58:29 INFO  : Launching XSDB server: xsdb.bat C:/Xilinx/SDK/2015.3/scripts/xsdb/xsdb/xsdb-server.tcl
15:58:35 INFO  : XSDB server has started successfully.
15:58:45 INFO  : Processing command line option -hwspec K:/users/SVogel/SINGR/SDK/SINGR3/design_1_wrapper.hdf.
16:04:25 ERROR : (XSDB Server)ERROR: [Hsi 55-1597] SwCore lwip141 is not found in Repositories
ERROR: [Hsi 55-1597] SwCore lwip141 is not found in Repositories
ERROR: [Hsi 55-1594] Core lwip141 of version  not found in repositories

16:04:25 ERROR : (XSDB Server)ERROR: [Hsi 55-1447] Error: running create_sw_design.

16:11:24 INFO  : Connected to target on host '127.0.0.1' and port '3121'.
16:11:24 INFO  : 'targets -set -filter {jtag_cable_name =~ "Digilent JTAG-HS3 210299A181D7" && level==0} -index 1' command is executed.
16:11:27 INFO  : FPGA configured successfully with bitstream "K:/users/SVogel/SINGR/SDK/SINGR3/design_1_wrapper_hw_platform_0/design_1_wrapper.bit"
16:13:16 WARN  : Unable to obtain port 2350 for use by XMD, java.net.SocketException: Unrecognized Windows Sockets error: 0: JVM_Bind
16:13:16 WARN  : Unable to obtain port 2357 for use by XMD, java.net.SocketException: Unrecognized Windows Sockets error: 0: JVM_Bind
16:13:16 WARN  : Unable to obtain port 2364 for use by XMD, java.net.SocketException: Unrecognized Windows Sockets error: 0: JVM_Bind
16:13:23 INFO  : ps7_init is completed.
16:13:23 INFO  : ps7_post_config is completed.
16:13:23 INFO  : Processor reset is completed for ps7_cortexa9_0
16:15:30 INFO  : Connected to target on host '127.0.0.1' and port '3121'.
16:15:30 INFO  : 'targets -set -filter {jtag_cable_name =~ "Digilent JTAG-HS3 210299A181D7" && level==0} -index 1' command is executed.
16:15:33 INFO  : FPGA configured successfully with bitstream "K:/users/SVogel/SINGR/SDK/SINGR3/design_1_wrapper_hw_platform_0/design_1_wrapper.bit"
16:17:01 INFO  : ps7_cortexa9_0 Processor is in use. Please stop existing Run or Debug sessions before launching.
16:17:15 INFO  : Connected to target on host '127.0.0.1' and port '3121'.
16:17:15 INFO  : 'targets -set -filter {jtag_cable_name =~ "Digilent JTAG-HS3 210299A181D7" && level==0} -index 1' command is executed.
16:17:18 INFO  : FPGA configured successfully with bitstream "K:/users/SVogel/SINGR/SDK/SINGR3/design_1_wrapper_hw_platform_0/design_1_wrapper.bit"
16:17:32 INFO  : ps7_init is completed.
16:17:32 INFO  : ps7_post_config is completed.
16:17:32 INFO  : Processor reset is completed for ps7_cortexa9_0
16:19:26 ERROR : Unexpected error while parsing XMD response ?: com.google.gson.JsonSyntaxException: com.google.gson.stream.MalformedJsonException: invalid number or unquoted string near 
12:52:29 INFO  : Launching XSDB server: xsdb.bat C:/Xilinx/SDK/2015.3/scripts/xsdb/xsdb/xsdb-server.tcl
12:52:37 INFO  : XSDB server has started successfully.
12:54:13 INFO  : Connected to target on host '127.0.0.1' and port '3121'.
12:54:14 INFO  : 'targets -set -filter {jtag_cable_name =~ "Digilent JTAG-HS3 210299A181D7" && level==0} -index 1' command is executed.
12:54:16 INFO  : FPGA configured successfully with bitstream "K:/users/SVogel/SINGR/SDK/SINGR3/design_1_wrapper_hw_platform_0/design_1_wrapper.bit"
12:54:38 INFO  : ps7_init is completed.
12:54:38 INFO  : ps7_post_config is completed.
12:54:38 INFO  : Processor reset is completed for ps7_cortexa9_0
12:55:14 INFO  : Processor reset is completed for ps7_cortexa9_0
13:00:50 INFO  : Processor reset is completed for ps7_cortexa9_0
13:02:23 INFO  : Processor reset is completed for ps7_cortexa9_0
13:03:58 INFO  : Processor reset is completed for ps7_cortexa9_0
13:05:09 INFO  : Processor reset is completed for ps7_cortexa9_0
13:05:16 INFO  : Processor reset is completed for ps7_cortexa9_0
13:10:31 INFO  : Processor reset is completed for ps7_cortexa9_0
13:16:39 INFO  : Processor reset is completed for ps7_cortexa9_0
14:29:00 INFO  : Connected to target on host '127.0.0.1' and port '3121'.
14:29:00 INFO  : 'targets -set -filter {jtag_cable_name =~ "Digilent JTAG-HS3 210299A181D7" && level==0} -index 1' command is executed.
14:29:03 INFO  : FPGA configured successfully with bitstream "K:/users/SVogel/SINGR/SDK/SINGR3/design_1_wrapper_hw_platform_0/design_1_wrapper.bit"
14:29:08 INFO  : ps7_init is completed.
14:29:08 INFO  : ps7_post_config is completed.
14:29:08 INFO  : Processor reset is completed for ps7_cortexa9_0
14:31:22 INFO  : Processor reset is completed for ps7_cortexa9_0
14:33:18 INFO  : Processor reset is completed for ps7_cortexa9_0
14:34:41 INFO  : Processor reset is completed for ps7_cortexa9_0
14:39:43 INFO  : Processor reset is completed for ps7_cortexa9_0
14:40:30 INFO  : Processor reset is completed for ps7_cortexa9_0
14:45:24 INFO  : Processor reset is completed for ps7_cortexa9_0
14:46:51 INFO  : Processor reset is completed for ps7_cortexa9_0
14:48:00 INFO  : Processor reset is completed for ps7_cortexa9_0
14:49:23 INFO  : ps7_cortexa9_0 Processor is in use. Please stop existing Run or Debug sessions before launching.
14:49:24 INFO  : Processor reset is completed for ps7_cortexa9_0
14:52:29 INFO  : ps7_cortexa9_0 Processor is in use. Please stop existing Run or Debug sessions before launching.
14:52:31 INFO  : Processor reset is completed for ps7_cortexa9_0
15:03:32 INFO  : Processor reset is completed for ps7_cortexa9_0
15:16:13 INFO  : Processor reset is completed for ps7_cortexa9_0
15:17:41 INFO  : ps7_cortexa9_0 Processor is in use. Please stop existing Run or Debug sessions before launching.
15:17:44 INFO  : Processor reset is completed for ps7_cortexa9_0
15:27:19 INFO  : Processor reset is completed for ps7_cortexa9_0
15:28:39 INFO  : Processor reset is completed for ps7_cortexa9_0
15:32:55 INFO  : Processor reset is completed for ps7_cortexa9_0
15:40:33 ERROR : Unexpected error while parsing XMD response ?: com.google.gson.JsonSyntaxException: com.google.gson.stream.MalformedJsonException: invalid number or unquoted string near 
15:42:21 INFO  : Launching XSDB server: xsdb.bat C:/Xilinx/SDK/2015.3/scripts/xsdb/xsdb/xsdb-server.tcl
15:42:22 INFO  : XSDB server has started successfully.
17:39:03 INFO  : Connected to target on host '127.0.0.1' and port '3121'.
17:40:04 INFO  : Connected to target on host '127.0.0.1' and port '3121'.
17:40:59 INFO  : Connected to target on host '127.0.0.1' and port '3121'.
17:40:59 INFO  : 'targets -set -filter {jtag_cable_name =~ "Digilent JTAG-HS3 210299A06C82" && level==0} -index 1' command is executed.
17:41:01 INFO  : FPGA configured successfully with bitstream "K:/users/SVogel/SINGR/SDK/SINGR3/design_1_wrapper_hw_platform_0/design_1_wrapper.bit"
17:42:09 INFO  : ps7_init is completed.
17:42:09 INFO  : ps7_post_config is completed.
17:42:09 INFO  : Processor reset is completed for ps7_cortexa9_0
17:42:12 ERROR : No such port: COM17
17:44:34 INFO  : ps7_init is completed.
17:44:34 INFO  : ps7_post_config is completed.
17:44:34 INFO  : Processor reset is completed for ps7_cortexa9_0
17:44:36 ERROR : No such port: COM17
17:45:11 INFO  : Connected to target on host '127.0.0.1' and port '3121'.
17:45:11 INFO  : 'targets -set -filter {jtag_cable_name =~ "Digilent JTAG-HS3 210299A06C82" && level==0} -index 1' command is executed.
17:45:13 INFO  : FPGA configured successfully with bitstream "K:/users/SVogel/SINGR/SDK/SINGR3/design_1_wrapper_hw_platform_0/design_1_wrapper.bit"
17:45:18 INFO  : Processor reset is completed for ps7_cortexa9_0
18:05:13 INFO  : Connected to target on host '127.0.0.1' and port '3121'.
18:05:14 INFO  : 'targets -set -filter {jtag_cable_name =~ "Digilent JTAG-HS3 210299A06C82" && level==0} -index 1' command is executed.
18:05:16 INFO  : FPGA configured successfully with bitstream "K:/users/SVogel/SINGR/SDK/SINGR3/design_1_wrapper_hw_platform_0/design_1_wrapper.bit"
18:05:21 ERROR : Unexpected error while launching program.
java.lang.RuntimeException: Error while running ps7_init method.
Debug Operation Not Supported on the Target, Current Processor State is not "Stopped"

	at com.xilinx.sdk.targetmanager.internal.TM.run_ps7_init(TM.java:1089)
	at com.xilinx.sdk.debug.core.XilinxAppLaunchConfigurationDelegate.runTargetSetup(XilinxAppLaunchConfigurationDelegate.java:486)
	at com.xilinx.sdk.debug.core.XilinxAppLaunchConfigurationDelegate.debugApplication(XilinxAppLaunchConfigurationDelegate.java:673)
	at com.xilinx.sdk.debug.core.XilinxAppLaunchConfigurationDelegate.launch(XilinxAppLaunchConfigurationDelegate.java:298)
	at com.xilinx.sdk.debug.ui.XilinxAppLaunchDelegateWrapper.launch(XilinxAppLaunchDelegateWrapper.java:31)
	at org.eclipse.debug.internal.core.LaunchConfiguration.launch(LaunchConfiguration.java:858)
	at org.eclipse.debug.internal.core.LaunchConfiguration.launch(LaunchConfiguration.java:707)
	at org.eclipse.debug.internal.ui.DebugUIPlugin.buildAndLaunch(DebugUIPlugin.java:1018)
	at org.eclipse.debug.internal.ui.DebugUIPlugin$8.run(DebugUIPlugin.java:1222)
	at org.eclipse.core.internal.jobs.Worker.run(Worker.java:53)
18:05:54 INFO  : Connected to target on host '127.0.0.1' and port '3121'.
18:05:54 INFO  : 'targets -set -filter {jtag_cable_name =~ "Digilent JTAG-HS3 210299A06C82" && level==0} -index 1' command is executed.
18:05:57 INFO  : FPGA configured successfully with bitstream "K:/users/SVogel/SINGR/SDK/SINGR3/design_1_wrapper_hw_platform_0/design_1_wrapper.bit"
18:06:04 ERROR : Unexpected error while launching program.
java.lang.RuntimeException: Error while running ps7_init method.
Debug Operation Not Supported on the Target, Current Processor State is not "Stopped"

	at com.xilinx.sdk.targetmanager.internal.TM.run_ps7_init(TM.java:1089)
	at com.xilinx.sdk.debug.core.XilinxAppLaunchConfigurationDelegate.runTargetSetup(XilinxAppLaunchConfigurationDelegate.java:486)
	at com.xilinx.sdk.debug.core.XilinxAppLaunchConfigurationDelegate.debugApplication(XilinxAppLaunchConfigurationDelegate.java:673)
	at com.xilinx.sdk.debug.core.XilinxAppLaunchConfigurationDelegate.launch(XilinxAppLaunchConfigurationDelegate.java:298)
	at com.xilinx.sdk.debug.ui.XilinxAppLaunchDelegateWrapper.launch(XilinxAppLaunchDelegateWrapper.java:31)
	at org.eclipse.debug.internal.core.LaunchConfiguration.launch(LaunchConfiguration.java:858)
	at org.eclipse.debug.internal.core.LaunchConfiguration.launch(LaunchConfiguration.java:707)
	at org.eclipse.debug.internal.ui.DebugUIPlugin.buildAndLaunch(DebugUIPlugin.java:1018)
	at org.eclipse.debug.internal.ui.DebugUIPlugin$8.run(DebugUIPlugin.java:1222)
	at org.eclipse.core.internal.jobs.Worker.run(Worker.java:53)
18:06:12 INFO  : ps7_init is completed.
18:06:12 INFO  : ps7_post_config is completed.
18:06:12 INFO  : Processor reset is completed for ps7_cortexa9_0
18:06:21 INFO  : Connected to target on host '127.0.0.1' and port '3121'.
18:06:22 INFO  : 'targets -set -filter {jtag_cable_name =~ "Digilent JTAG-HS3 210299A06C82" && level==0} -index 1' command is executed.
18:06:24 INFO  : FPGA configured successfully with bitstream "K:/users/SVogel/SINGR/SDK/SINGR3/design_1_wrapper_hw_platform_0/design_1_wrapper.bit"
18:06:28 INFO  : Processor reset is completed for ps7_cortexa9_0
18:15:01 ERROR : Unexpected error while parsing XMD response ?: com.google.gson.JsonSyntaxException: com.google.gson.stream.MalformedJsonException: invalid number or unquoted string near 
10:59:34 INFO  : Launching XSDB server: xsdb.bat C:/Xilinx/SDK/2015.3/scripts/xsdb/xsdb/xsdb-server.tcl
10:59:35 INFO  : XSDB server has started successfully.
13:18:12 INFO  : Connected to target on host '127.0.0.1' and port '3121'.
13:18:12 INFO  : 'targets -set -filter {jtag_cable_name =~ "Digilent JTAG-HS3 210299A06C82" && level==0} -index 1' command is executed.
13:18:14 INFO  : FPGA configured successfully with bitstream "K:/users/SVogel/SINGR/SDK/SINGR3/design_1_wrapper_hw_platform_0/design_1_wrapper.bit"
13:18:27 INFO  : ps7_init is completed.
13:18:27 INFO  : ps7_post_config is completed.
13:18:28 INFO  : Processor reset is completed for ps7_cortexa9_0
13:38:18 INFO  : Connected to target on host '127.0.0.1' and port '3121'.
13:38:18 INFO  : 'targets -set -filter {jtag_cable_name =~ "Digilent JTAG-HS3 210299A06C82" && level==0} -index 1' command is executed.
13:38:21 INFO  : FPGA configured successfully with bitstream "K:/users/SVogel/SINGR/SDK/SINGR3/design_1_wrapper_hw_platform_0/design_1_wrapper.bit"
13:38:26 INFO  : ps7_init is completed.
13:38:26 INFO  : ps7_post_config is completed.
13:38:26 INFO  : Processor reset is completed for ps7_cortexa9_0
14:22:36 INFO  : Connected to target on host '127.0.0.1' and port '3121'.
14:22:36 INFO  : 'targets -set -filter {jtag_cable_name =~ "Digilent JTAG-HS3 210299A06C82" && level==0} -index 1' command is executed.
14:22:39 INFO  : FPGA configured successfully with bitstream "K:/users/SVogel/SINGR/SDK/SINGR3/design_1_wrapper_hw_platform_0/design_1_wrapper.bit"
14:22:50 INFO  : ps7_init is completed.
14:22:50 INFO  : ps7_post_config is completed.
14:22:50 INFO  : Processor reset is completed for ps7_cortexa9_0
15:40:35 INFO  : Connected to target on host '127.0.0.1' and port '3121'.
15:40:35 INFO  : 'targets -set -filter {jtag_cable_name =~ "Digilent JTAG-HS3 210299A06C82" && level==0} -index 1' command is executed.
15:40:38 INFO  : FPGA configured successfully with bitstream "K:/users/SVogel/SINGR/SDK/SINGR3/design_1_wrapper_hw_platform_0/design_1_wrapper.bit"
15:41:08 INFO  : ps7_init is completed.
15:41:09 INFO  : ps7_post_config is completed.
15:41:09 INFO  : Processor reset is completed for ps7_cortexa9_0
16:19:31 INFO  : Connected to target on host '127.0.0.1' and port '3121'.
16:19:31 INFO  : 'targets -set -filter {jtag_cable_name =~ "Digilent JTAG-HS3 210299A06C82" && level==0} -index 1' command is executed.
16:19:33 INFO  : FPGA configured successfully with bitstream "K:/users/SVogel/SINGR/SDK/SINGR3/design_1_wrapper_hw_platform_0/design_1_wrapper.bit"
16:19:41 ERROR : Unexpected error while launching program.
java.lang.RuntimeException: Error while running ps7_init method.
Debug Operation Not Supported on the Target, Current Processor State is not "Stopped"

	at com.xilinx.sdk.targetmanager.internal.TM.run_ps7_init(TM.java:1089)
	at com.xilinx.sdk.debug.core.XilinxAppLaunchConfigurationDelegate.runTargetSetup(XilinxAppLaunchConfigurationDelegate.java:486)
	at com.xilinx.sdk.debug.core.XilinxAppLaunchConfigurationDelegate.debugApplication(XilinxAppLaunchConfigurationDelegate.java:673)
	at com.xilinx.sdk.debug.core.XilinxAppLaunchConfigurationDelegate.launch(XilinxAppLaunchConfigurationDelegate.java:298)
	at com.xilinx.sdk.debug.ui.XilinxAppLaunchDelegateWrapper.launch(XilinxAppLaunchDelegateWrapper.java:31)
	at org.eclipse.debug.internal.core.LaunchConfiguration.launch(LaunchConfiguration.java:858)
	at org.eclipse.debug.internal.core.LaunchConfiguration.launch(LaunchConfiguration.java:707)
	at org.eclipse.debug.internal.ui.DebugUIPlugin.buildAndLaunch(DebugUIPlugin.java:1018)
	at org.eclipse.debug.internal.ui.DebugUIPlugin$8.run(DebugUIPlugin.java:1222)
	at org.eclipse.core.internal.jobs.Worker.run(Worker.java:53)
16:19:50 INFO  : Connected to target on host '127.0.0.1' and port '3121'.
16:19:50 INFO  : 'targets -set -filter {jtag_cable_name =~ "Digilent JTAG-HS3 210299A06C82" && level==0} -index 1' command is executed.
16:19:53 INFO  : FPGA configured successfully with bitstream "K:/users/SVogel/SINGR/SDK/SINGR3/design_1_wrapper_hw_platform_0/design_1_wrapper.bit"
16:19:58 INFO  : ps7_init is completed.
16:19:58 INFO  : ps7_post_config is completed.
16:19:58 INFO  : Processor reset is completed for ps7_cortexa9_0
16:22:31 INFO  : Connected to target on host '127.0.0.1' and port '3121'.
16:22:32 INFO  : 'targets -set -filter {jtag_cable_name =~ "Digilent JTAG-HS3 210299A06C82" && level==0} -index 1' command is executed.
16:22:34 INFO  : FPGA configured successfully with bitstream "K:/users/SVogel/SINGR/SDK/SINGR3/design_1_wrapper_hw_platform_0/design_1_wrapper.bit"
16:22:42 INFO  : ps7_init is completed.
16:22:42 INFO  : ps7_post_config is completed.
16:22:42 INFO  : Processor reset is completed for ps7_cortexa9_0
16:40:11 INFO  : Connected to target on host '127.0.0.1' and port '3121'.
16:40:11 INFO  : 'targets -set -filter {jtag_cable_name =~ "Digilent JTAG-HS3 210299A06C82" && level==0} -index 1' command is executed.
16:40:14 INFO  : FPGA configured successfully with bitstream "K:/users/SVogel/SINGR/SDK/SINGR3/design_1_wrapper_hw_platform_0/design_1_wrapper.bit"
16:40:23 INFO  : ps7_init is completed.
16:40:23 INFO  : ps7_post_config is completed.
16:40:23 INFO  : Processor reset is completed for ps7_cortexa9_0
17:21:21 ERROR : Unexpected error while parsing XMD response ?: com.google.gson.JsonSyntaxException: com.google.gson.stream.MalformedJsonException: invalid number or unquoted string near 
10:00:38 INFO  : Launching XSDB server: xsdb.bat C:/Xilinx/SDK/2015.3/scripts/xsdb/xsdb/xsdb-server.tcl
10:00:39 INFO  : XSDB server has started successfully.
10:49:45 INFO  : Launching XSDB server: xsdb.bat C:/Xilinx/SDK/2015.3/scripts/xsdb/xsdb/xsdb-server.tcl
10:49:49 INFO  : XSDB server has started successfully.
13:06:40 INFO  : Launching XSDB server: xsdb.bat C:/Xilinx/SDK/2015.3/scripts/xsdb/xsdb/xsdb-server.tcl
13:06:41 INFO  : XSDB server has started successfully.
14:33:53 INFO  : Connected to target on host '127.0.0.1' and port '3121'.
14:34:53 INFO  : Launching XSDB server: xsdb.bat C:/Xilinx/SDK/2015.3/scripts/xsdb/xsdb/xsdb-server.tcl
14:34:54 INFO  : XSDB server has started successfully.
14:35:07 INFO  : Connected to target on host '127.0.0.1' and port '3121'.
14:36:09 INFO  : Connected to target on host '127.0.0.1' and port '3121'.
14:36:09 INFO  : 'targets -set -filter {jtag_cable_name =~ "Digilent JTAG-HS3 210299A06C82" && level==0} -index 1' command is executed.
14:36:12 INFO  : FPGA configured successfully with bitstream "K:/users/SVogel/SINGR/SDK/SINGR3/design_1_wrapper_hw_platform_0/design_1_wrapper.bit"
14:36:28 INFO  : ps7_init is completed.
14:36:28 INFO  : ps7_post_config is completed.
14:36:28 INFO  : Processor reset is completed for ps7_cortexa9_0
15:06:43 INFO  : Connected to target on host '127.0.0.1' and port '3121'.
15:06:43 INFO  : 'targets -set -filter {jtag_cable_name =~ "Digilent JTAG-HS3 210299A06C82" && level==0} -index 1' command is executed.
15:06:45 INFO  : FPGA configured successfully with bitstream "K:/users/SVogel/SINGR/SDK/SINGR3/design_1_wrapper_hw_platform_0/design_1_wrapper.bit"
15:06:51 ERROR : Unexpected error while launching program.
java.lang.RuntimeException: Error while running ps7_init method.
Debug Operation Not Supported on the Target, Current Processor State is not "Stopped"

	at com.xilinx.sdk.targetmanager.internal.TM.run_ps7_init(TM.java:1089)
	at com.xilinx.sdk.debug.core.XilinxAppLaunchConfigurationDelegate.runTargetSetup(XilinxAppLaunchConfigurationDelegate.java:486)
	at com.xilinx.sdk.debug.core.XilinxAppLaunchConfigurationDelegate.debugApplication(XilinxAppLaunchConfigurationDelegate.java:673)
	at com.xilinx.sdk.debug.core.XilinxAppLaunchConfigurationDelegate.launch(XilinxAppLaunchConfigurationDelegate.java:298)
	at com.xilinx.sdk.debug.ui.XilinxAppLaunchDelegateWrapper.launch(XilinxAppLaunchDelegateWrapper.java:31)
	at org.eclipse.debug.internal.core.LaunchConfiguration.launch(LaunchConfiguration.java:858)
	at org.eclipse.debug.internal.core.LaunchConfiguration.launch(LaunchConfiguration.java:707)
	at org.eclipse.debug.internal.ui.DebugUIPlugin.buildAndLaunch(DebugUIPlugin.java:1018)
	at org.eclipse.debug.internal.ui.DebugUIPlugin$8.run(DebugUIPlugin.java:1222)
	at org.eclipse.core.internal.jobs.Worker.run(Worker.java:53)
15:07:16 INFO  : Connected to target on host '127.0.0.1' and port '3121'.
15:07:16 INFO  : 'targets -set -filter {jtag_cable_name =~ "Digilent JTAG-HS3 210299A06C82" && level==0} -index 1' command is executed.
15:07:19 INFO  : FPGA configured successfully with bitstream "K:/users/SVogel/SINGR/SDK/SINGR3/design_1_wrapper_hw_platform_0/design_1_wrapper.bit"
15:07:24 INFO  : ps7_init is completed.
15:07:24 INFO  : ps7_post_config is completed.
15:07:25 INFO  : Processor reset is completed for ps7_cortexa9_0
15:13:02 INFO  : Connected to target on host '127.0.0.1' and port '3121'.
15:13:03 INFO  : 'targets -set -filter {jtag_cable_name =~ "Digilent JTAG-HS3 210299A06C82" && level==0} -index 1' command is executed.
15:13:05 INFO  : FPGA configured successfully with bitstream "K:/users/SVogel/SINGR/SDK/SINGR3/design_1_wrapper_hw_platform_0/design_1_wrapper.bit"
15:13:20 INFO  : ps7_init is completed.
15:13:20 INFO  : ps7_post_config is completed.
15:13:20 INFO  : Processor reset is completed for ps7_cortexa9_0
16:04:57 INFO  : Connected to target on host '127.0.0.1' and port '3121'.
16:04:58 INFO  : 'targets -set -filter {jtag_cable_name =~ "Digilent JTAG-HS3 210299A06C82" && level==0} -index 1' command is executed.
16:05:00 INFO  : FPGA configured successfully with bitstream "K:/users/SVogel/SINGR/SDK/SINGR3/design_1_wrapper_hw_platform_0/design_1_wrapper.bit"
16:05:07 INFO  : ps7_init is completed.
16:05:07 INFO  : ps7_post_config is completed.
16:05:07 INFO  : Processor reset is completed for ps7_cortexa9_0
16:05:30 INFO  : Processor reset is completed for ps7_cortexa9_0
16:05:32 ERROR : No such port: COM17
16:06:01 INFO  : Connected to target on host '127.0.0.1' and port '3121'.
16:06:01 INFO  : 'targets -set -filter {jtag_cable_name =~ "Digilent JTAG-HS3 210299A06C82" && level==0} -index 1' command is executed.
16:06:02 ERROR : Cannot find memory context of target ARM_DAP
16:06:18 INFO  : Connected to target on host '127.0.0.1' and port '3121'.
16:06:18 INFO  : 'targets -set -filter {jtag_cable_name =~ "Digilent JTAG-HS3 210299A06C82" && level==0} -index 1' command is executed.
16:06:20 INFO  : FPGA configured successfully with bitstream "K:/users/SVogel/SINGR/SDK/SINGR3/design_1_wrapper_hw_platform_0/design_1_wrapper.bit"
16:06:50 INFO  : ps7_init is completed.
16:06:50 INFO  : ps7_post_config is completed.
16:06:50 INFO  : Processor reset is completed for ps7_cortexa9_0
16:06:52 ERROR : No such port: COM17
16:28:42 INFO  : Connected to target on host '127.0.0.1' and port '3121'.
16:28:42 INFO  : 'targets -set -filter {jtag_cable_name =~ "Digilent JTAG-HS3 210299A06C82" && level==0} -index 1' command is executed.
16:28:45 INFO  : FPGA configured successfully with bitstream "K:/users/SVogel/SINGR/SDK/SINGR3/design_1_wrapper_hw_platform_0/design_1_wrapper.bit"
16:28:56 INFO  : ps7_init is completed.
16:28:56 INFO  : ps7_post_config is completed.
16:28:56 INFO  : Processor reset is completed for ps7_cortexa9_0
16:28:58 ERROR : No such port: COM17
16:29:37 INFO  : Connected to target on host '127.0.0.1' and port '3121'.
16:29:37 INFO  : 'targets -set -filter {jtag_cable_name =~ "Digilent JTAG-HS3 210299A06C82" && level==0} -index 1' command is executed.
16:29:40 INFO  : FPGA configured successfully with bitstream "K:/users/SVogel/SINGR/SDK/SINGR3/design_1_wrapper_hw_platform_0/design_1_wrapper.bit"
16:29:45 INFO  : ps7_init is completed.
16:29:45 INFO  : ps7_post_config is completed.
16:29:46 INFO  : Processor reset is completed for ps7_cortexa9_0
16:29:48 ERROR : No such port: COM17
16:44:06 ERROR : Checking FPGA configuration failed..Connection to Board Failed


    Unknown Error Occured
    Cable is not powered-on

16:44:06 ERROR : Unexpected error while launching program.
com.xilinx.sdk.targetmanager.TMException: Connection to Board Failed


    Unknown Error Occured
    Cable is not powered-on

	at com.xilinx.sdk.targetmanager.internal.TM.isFPGAConfigured(TM.java:374)
	at com.xilinx.sdk.debug.core.XilinxAppLaunchConfigurationDelegate.isFpgaConfigured(XilinxAppLaunchConfigurationDelegate.java:381)
	at com.xilinx.sdk.debug.core.XilinxAppLaunchConfigurationDelegate.launch(XilinxAppLaunchConfigurationDelegate.java:290)
	at com.xilinx.sdk.debug.ui.XilinxAppLaunchDelegateWrapper.launch(XilinxAppLaunchDelegateWrapper.java:31)
	at org.eclipse.debug.internal.core.LaunchConfiguration.launch(LaunchConfiguration.java:858)
	at org.eclipse.debug.internal.core.LaunchConfiguration.launch(LaunchConfiguration.java:707)
	at org.eclipse.debug.internal.ui.DebugUIPlugin.buildAndLaunch(DebugUIPlugin.java:1018)
	at org.eclipse.debug.internal.ui.DebugUIPlugin$8.run(DebugUIPlugin.java:1222)
	at org.eclipse.core.internal.jobs.Worker.run(Worker.java:53)
16:44:15 INFO  : Connected to target on host '127.0.0.1' and port '3121'.
16:44:15 INFO  : 'targets -set -filter {jtag_cable_name =~ "Digilent JTAG-HS3 210299A06C82" && level==0} -index 1' command is executed.
16:44:17 INFO  : FPGA configured successfully with bitstream "K:/users/SVogel/SINGR/SDK/SINGR3/design_1_wrapper_hw_platform_0/design_1_wrapper.bit"
16:44:23 INFO  : ps7_init is completed.
16:44:23 INFO  : ps7_post_config is completed.
16:44:23 INFO  : Processor reset is completed for ps7_cortexa9_0
16:44:26 ERROR : No such port: COM17
16:46:00 INFO  : Connected to target on host '127.0.0.1' and port '3121'.
16:46:01 INFO  : 'targets -set -filter {jtag_cable_name =~ "Digilent JTAG-HS3 210299A06C82" && level==0} -index 1' command is executed.
16:46:03 INFO  : FPGA configured successfully with bitstream "K:/users/SVogel/SINGR/SDK/SINGR3/design_1_wrapper_hw_platform_0/design_1_wrapper.bit"
16:46:16 INFO  : ps7_init is completed.
16:46:16 INFO  : ps7_post_config is completed.
16:46:17 INFO  : Processor reset is completed for ps7_cortexa9_0
16:46:19 ERROR : No such port: COM17
17:17:43 ERROR : Unexpected error while parsing XMD response ?: com.google.gson.JsonSyntaxException: com.google.gson.stream.MalformedJsonException: invalid number or unquoted string near 
17:22:39 INFO  : Launching XSDB server: xsdb.bat C:/Xilinx/SDK/2015.3/scripts/xsdb/xsdb/xsdb-server.tcl
17:22:41 INFO  : XSDB server has started successfully.
17:35:08 INFO  : Connected to target on host '127.0.0.1' and port '3121'.
17:35:11 INFO  : 'targets -set -filter {jtag_cable_name =~ "Digilent JTAG-HS3 210299A06C82" && level==0} -index 1' command is executed.
17:35:14 INFO  : FPGA configured successfully with bitstream "K:/users/SVogel/SINGR/SDK/SINGR3/design_1_wrapper_hw_platform_0/design_1_wrapper.bit"
17:35:28 INFO  : ps7_init is completed.
17:35:28 INFO  : ps7_post_config is completed.
17:35:28 INFO  : Processor reset is completed for ps7_cortexa9_0
17:35:31 ERROR : No such port: COM17
17:39:03 INFO  : Connected to target on host '127.0.0.1' and port '3121'.
17:39:03 INFO  : 'targets -set -filter {jtag_cable_name =~ "Digilent JTAG-HS3 210299A06C82" && level==0} -index 1' command is executed.
17:39:05 INFO  : FPGA configured successfully with bitstream "K:/users/SVogel/SINGR/SDK/SINGR3/design_1_wrapper_hw_platform_0/design_1_wrapper.bit"
17:39:27 INFO  : ps7_init is completed.
17:39:28 INFO  : ps7_post_config is completed.
17:39:28 INFO  : Processor reset is completed for ps7_cortexa9_0
17:39:30 ERROR : No such port: COM17
17:43:56 INFO  : Connected to target on host '127.0.0.1' and port '3121'.
17:43:57 INFO  : 'targets -set -filter {jtag_cable_name =~ "Digilent JTAG-HS3 210299A06C82" && level==0} -index 1' command is executed.
17:43:59 INFO  : FPGA configured successfully with bitstream "K:/users/SVogel/SINGR/SDK/SINGR3/design_1_wrapper_hw_platform_0/design_1_wrapper.bit"
17:44:04 ERROR : Unexpected error while launching program.
java.lang.RuntimeException: Error while running ps7_init method.
Debug Operation Not Supported on the Target, Current Processor State is not "Stopped"

	at com.xilinx.sdk.targetmanager.internal.TM.run_ps7_init(TM.java:1089)
	at com.xilinx.sdk.debug.core.XilinxAppLaunchConfigurationDelegate.runTargetSetup(XilinxAppLaunchConfigurationDelegate.java:486)
	at com.xilinx.sdk.debug.core.XilinxAppLaunchConfigurationDelegate.debugApplication(XilinxAppLaunchConfigurationDelegate.java:673)
	at com.xilinx.sdk.debug.core.XilinxAppLaunchConfigurationDelegate.launch(XilinxAppLaunchConfigurationDelegate.java:298)
	at com.xilinx.sdk.debug.ui.XilinxAppLaunchDelegateWrapper.launch(XilinxAppLaunchDelegateWrapper.java:31)
	at org.eclipse.debug.internal.core.LaunchConfiguration.launch(LaunchConfiguration.java:858)
	at org.eclipse.debug.internal.core.LaunchConfiguration.launch(LaunchConfiguration.java:707)
	at org.eclipse.debug.internal.ui.DebugUIPlugin.buildAndLaunch(DebugUIPlugin.java:1018)
	at org.eclipse.debug.internal.ui.DebugUIPlugin$8.run(DebugUIPlugin.java:1222)
	at org.eclipse.core.internal.jobs.Worker.run(Worker.java:53)
17:44:17 INFO  : Connected to target on host '127.0.0.1' and port '3121'.
17:44:18 INFO  : 'targets -set -filter {jtag_cable_name =~ "Digilent JTAG-HS3 210299A06C82" && level==0} -index 1' command is executed.
17:44:20 INFO  : FPGA configured successfully with bitstream "K:/users/SVogel/SINGR/SDK/SINGR3/design_1_wrapper_hw_platform_0/design_1_wrapper.bit"
17:44:34 INFO  : ps7_init is completed.
17:44:34 INFO  : ps7_post_config is completed.
17:44:34 INFO  : Processor reset is completed for ps7_cortexa9_0
17:44:36 ERROR : No such port: COM17
17:48:49 ERROR : Unexpected error while parsing XMD response ?: com.google.gson.JsonSyntaxException: com.google.gson.stream.MalformedJsonException: invalid number or unquoted string near 
09:34:52 INFO  : Launching XSDB server: xsdb.bat C:/Xilinx/SDK/2015.3/scripts/xsdb/xsdb/xsdb-server.tcl
09:34:53 INFO  : XSDB server has started successfully.
14:47:05 INFO  : Connected to target on host '127.0.0.1' and port '3121'.
14:47:06 INFO  : 'targets -set -filter {jtag_cable_name =~ "Digilent JTAG-HS3 210299A06C82" && level==0} -index 1' command is executed.
14:47:08 INFO  : FPGA configured successfully with bitstream "K:/users/SVogel/SINGR/SDK/SINGR3/design_1_wrapper_hw_platform_0/design_1_wrapper.bit"
14:47:24 INFO  : ps7_init is completed.
14:47:24 INFO  : ps7_post_config is completed.
14:47:24 INFO  : Processor reset is completed for ps7_cortexa9_0
14:47:27 ERROR : No such port: COM17
14:50:01 INFO  : Connected to target on host '127.0.0.1' and port '3121'.
14:50:01 INFO  : 'targets -set -filter {jtag_cable_name =~ "Digilent JTAG-HS3 210299A06C82" && level==0} -index 1' command is executed.
14:50:04 INFO  : FPGA configured successfully with bitstream "K:/users/SVogel/SINGR/SDK/SINGR3/design_1_wrapper_hw_platform_0/design_1_wrapper.bit"
14:50:10 ERROR : Unexpected error while launching program.
java.lang.RuntimeException: Error while running ps7_init method.
Debug Operation Not Supported on the Target, Current Processor State is not "Stopped"

	at com.xilinx.sdk.targetmanager.internal.TM.run_ps7_init(TM.java:1089)
	at com.xilinx.sdk.debug.core.XilinxAppLaunchConfigurationDelegate.runTargetSetup(XilinxAppLaunchConfigurationDelegate.java:486)
	at com.xilinx.sdk.debug.core.XilinxAppLaunchConfigurationDelegate.debugApplication(XilinxAppLaunchConfigurationDelegate.java:673)
	at com.xilinx.sdk.debug.core.XilinxAppLaunchConfigurationDelegate.launch(XilinxAppLaunchConfigurationDelegate.java:298)
	at com.xilinx.sdk.debug.ui.XilinxAppLaunchDelegateWrapper.launch(XilinxAppLaunchDelegateWrapper.java:31)
	at org.eclipse.debug.internal.core.LaunchConfiguration.launch(LaunchConfiguration.java:858)
	at org.eclipse.debug.internal.core.LaunchConfiguration.launch(LaunchConfiguration.java:707)
	at org.eclipse.debug.internal.ui.DebugUIPlugin.buildAndLaunch(DebugUIPlugin.java:1018)
	at org.eclipse.debug.internal.ui.DebugUIPlugin$8.run(DebugUIPlugin.java:1222)
	at org.eclipse.core.internal.jobs.Worker.run(Worker.java:53)
14:50:22 INFO  : Connected to target on host '127.0.0.1' and port '3121'.
14:50:22 INFO  : 'targets -set -filter {jtag_cable_name =~ "Digilent JTAG-HS3 210299A06C82" && level==0} -index 1' command is executed.
14:50:24 INFO  : FPGA configured successfully with bitstream "K:/users/SVogel/SINGR/SDK/SINGR3/design_1_wrapper_hw_platform_0/design_1_wrapper.bit"
14:50:30 ERROR : Unexpected error while launching program.
java.lang.RuntimeException: Error while running ps7_init method.
Debug Operation Not Supported on the Target, Current Processor State is not "Stopped"

	at com.xilinx.sdk.targetmanager.internal.TM.run_ps7_init(TM.java:1089)
	at com.xilinx.sdk.debug.core.XilinxAppLaunchConfigurationDelegate.runTargetSetup(XilinxAppLaunchConfigurationDelegate.java:486)
	at com.xilinx.sdk.debug.core.XilinxAppLaunchConfigurationDelegate.debugApplication(XilinxAppLaunchConfigurationDelegate.java:673)
	at com.xilinx.sdk.debug.core.XilinxAppLaunchConfigurationDelegate.launch(XilinxAppLaunchConfigurationDelegate.java:298)
	at com.xilinx.sdk.debug.ui.XilinxAppLaunchDelegateWrapper.launch(XilinxAppLaunchDelegateWrapper.java:31)
	at org.eclipse.debug.internal.core.LaunchConfiguration.launch(LaunchConfiguration.java:858)
	at org.eclipse.debug.internal.core.LaunchConfiguration.launch(LaunchConfiguration.java:707)
	at org.eclipse.debug.internal.ui.DebugUIPlugin.buildAndLaunch(DebugUIPlugin.java:1018)
	at org.eclipse.debug.internal.ui.DebugUIPlugin$8.run(DebugUIPlugin.java:1222)
	at org.eclipse.core.internal.jobs.Worker.run(Worker.java:53)
14:50:40 INFO  : Connected to target on host '127.0.0.1' and port '3121'.
14:50:41 INFO  : 'targets -set -filter {jtag_cable_name =~ "Digilent JTAG-HS3 210299A06C82" && level==0} -index 1' command is executed.
14:50:43 INFO  : FPGA configured successfully with bitstream "K:/users/SVogel/SINGR/SDK/SINGR3/design_1_wrapper_hw_platform_0/design_1_wrapper.bit"
14:50:48 INFO  : ps7_init is completed.
14:50:48 INFO  : ps7_post_config is completed.
14:50:49 INFO  : Processor reset is completed for ps7_cortexa9_0
14:50:51 ERROR : No such port: COM17
14:55:34 INFO  : Connected to target on host '127.0.0.1' and port '3121'.
14:55:34 INFO  : 'targets -set -filter {jtag_cable_name =~ "Digilent JTAG-HS3 210299A06C82" && level==0} -index 1' command is executed.
14:55:37 INFO  : FPGA configured successfully with bitstream "K:/users/SVogel/SINGR/SDK/SINGR3/design_1_wrapper_hw_platform_0/design_1_wrapper.bit"
14:55:45 INFO  : ps7_init is completed.
14:55:45 INFO  : ps7_post_config is completed.
14:55:45 INFO  : Processor reset is completed for ps7_cortexa9_0
14:55:47 ERROR : No such port: COM17
14:57:40 INFO  : Connected to target on host '127.0.0.1' and port '3121'.
14:57:40 INFO  : 'targets -set -filter {jtag_cable_name =~ "Digilent JTAG-HS3 210299A06C82" && level==0} -index 1' command is executed.
14:57:42 INFO  : FPGA configured successfully with bitstream "K:/users/SVogel/SINGR/SDK/SINGR3/design_1_wrapper_hw_platform_0/design_1_wrapper.bit"
14:57:58 ERROR : Unexpected error while launching program.
java.lang.RuntimeException: Error while running ps7_init method.
Debug Operation Not Supported on the Target, Current Processor State is not "Stopped"

	at com.xilinx.sdk.targetmanager.internal.TM.run_ps7_init(TM.java:1089)
	at com.xilinx.sdk.debug.core.XilinxAppLaunchConfigurationDelegate.runTargetSetup(XilinxAppLaunchConfigurationDelegate.java:486)
	at com.xilinx.sdk.debug.core.XilinxAppLaunchConfigurationDelegate.debugApplication(XilinxAppLaunchConfigurationDelegate.java:673)
	at com.xilinx.sdk.debug.core.XilinxAppLaunchConfigurationDelegate.launch(XilinxAppLaunchConfigurationDelegate.java:298)
	at com.xilinx.sdk.debug.ui.XilinxAppLaunchDelegateWrapper.launch(XilinxAppLaunchDelegateWrapper.java:31)
	at org.eclipse.debug.internal.core.LaunchConfiguration.launch(LaunchConfiguration.java:858)
	at org.eclipse.debug.internal.core.LaunchConfiguration.launch(LaunchConfiguration.java:707)
	at org.eclipse.debug.internal.ui.DebugUIPlugin.buildAndLaunch(DebugUIPlugin.java:1018)
	at org.eclipse.debug.internal.ui.DebugUIPlugin$8.run(DebugUIPlugin.java:1222)
	at org.eclipse.core.internal.jobs.Worker.run(Worker.java:53)
14:58:11 INFO  : Connected to target on host '127.0.0.1' and port '3121'.
14:58:11 INFO  : 'targets -set -filter {jtag_cable_name =~ "Digilent JTAG-HS3 210299A06C82" && level==0} -index 1' command is executed.
14:58:13 INFO  : FPGA configured successfully with bitstream "K:/users/SVogel/SINGR/SDK/SINGR3/design_1_wrapper_hw_platform_0/design_1_wrapper.bit"
14:58:36 INFO  : ps7_init is completed.
14:58:36 INFO  : ps7_post_config is completed.
14:58:37 INFO  : Processor reset is completed for ps7_cortexa9_0
14:58:39 ERROR : No such port: COM17
15:01:36 INFO  : Connected to target on host '127.0.0.1' and port '3121'.
15:01:37 INFO  : 'targets -set -filter {jtag_cable_name =~ "Digilent JTAG-HS3 210299A06C82" && level==0} -index 1' command is executed.
15:01:39 INFO  : FPGA configured successfully with bitstream "K:/users/SVogel/SINGR/SDK/SINGR3/design_1_wrapper_hw_platform_0/design_1_wrapper.bit"
15:01:47 INFO  : Processor reset is completed for ps7_cortexa9_0
15:01:49 ERROR : No such port: COM17
15:16:22 INFO  : Connected to target on host '127.0.0.1' and port '3121'.
15:16:22 INFO  : 'targets -set -filter {jtag_cable_name =~ "Digilent JTAG-HS3 210299A06C82" && level==0} -index 1' command is executed.
15:16:25 INFO  : FPGA configured successfully with bitstream "K:/users/SVogel/SINGR/SDK/SINGR3/design_1_wrapper_hw_platform_0/design_1_wrapper.bit"
15:16:31 INFO  : ps7_init is completed.
15:16:31 INFO  : ps7_post_config is completed.
15:16:32 INFO  : Processor reset is completed for ps7_cortexa9_0
15:16:34 ERROR : No such port: COM17
15:58:49 INFO  : Connected to target on host '127.0.0.1' and port '3121'.
15:58:50 INFO  : 'targets -set -filter {jtag_cable_name =~ "Digilent JTAG-HS3 210299A06C82" && level==0} -index 1' command is executed.
15:58:52 INFO  : FPGA configured successfully with bitstream "K:/users/SVogel/SINGR/SDK/SINGR3/design_1_wrapper_hw_platform_0/design_1_wrapper.bit"
15:58:58 INFO  : ps7_init is completed.
15:58:58 INFO  : ps7_post_config is completed.
15:58:58 INFO  : Processor reset is completed for ps7_cortexa9_0
15:59:00 ERROR : No such port: COM17
17:58:54 INFO  : Connected to target on host '127.0.0.1' and port '3121'.
17:58:54 INFO  : 'targets -set -filter {jtag_cable_name =~ "Digilent JTAG-HS3 210299A06C82" && level==0} -index 1' command is executed.
17:58:56 INFO  : FPGA configured successfully with bitstream "K:/users/SVogel/SINGR/SDK/SINGR3/design_1_wrapper_hw_platform_0/design_1_wrapper.bit"
17:59:08 INFO  : ps7_init is completed.
17:59:08 INFO  : ps7_post_config is completed.
17:59:08 INFO  : Processor reset is completed for ps7_cortexa9_0
17:59:11 ERROR : No such port: COM17
18:04:16 INFO  : Connected to target on host '127.0.0.1' and port '3121'.
18:04:16 INFO  : 'targets -set -filter {jtag_cable_name =~ "Digilent JTAG-HS3 210299A06C82" && level==0} -index 1' command is executed.
18:04:18 INFO  : FPGA configured successfully with bitstream "K:/users/SVogel/SINGR/SDK/SINGR3/design_1_wrapper_hw_platform_0/design_1_wrapper.bit"
18:04:30 INFO  : ps7_init is completed.
18:04:30 INFO  : ps7_post_config is completed.
18:04:30 INFO  : Processor reset is completed for ps7_cortexa9_0
18:04:32 ERROR : No such port: COM17
18:12:50 INFO  : Connected to target on host '127.0.0.1' and port '3121'.
18:12:50 INFO  : 'targets -set -filter {jtag_cable_name =~ "Digilent JTAG-HS3 210299A06C82" && level==0} -index 1' command is executed.
18:12:53 INFO  : FPGA configured successfully with bitstream "K:/users/SVogel/SINGR/SDK/SINGR3/design_1_wrapper_hw_platform_0/design_1_wrapper.bit"
18:13:27 INFO  : ps7_init is completed.
18:13:27 INFO  : ps7_post_config is completed.
18:13:27 INFO  : Processor reset is completed for ps7_cortexa9_0
18:13:30 ERROR : No such port: COM17
18:45:12 ERROR : Unexpected error while parsing XMD response ?: com.google.gson.JsonSyntaxException: com.google.gson.stream.MalformedJsonException: invalid number or unquoted string near 
10:03:56 INFO  : Launching XSDB server: xsdb.bat C:/Xilinx/SDK/2015.3/scripts/xsdb/xsdb/xsdb-server.tcl
10:03:58 INFO  : XSDB server has started successfully.
11:44:10 INFO  : Connected to target on host '127.0.0.1' and port '3121'.
11:44:11 INFO  : 'targets -set -filter {jtag_cable_name =~ "Digilent JTAG-HS3 210299A06C82" && level==0} -index 1' command is executed.
11:44:13 INFO  : FPGA configured successfully with bitstream "K:/users/SVogel/SINGR/SDK/SINGR3/design_1_wrapper_hw_platform_0/design_1_wrapper.bit"
11:44:26 INFO  : ps7_init is completed.
11:44:26 INFO  : ps7_post_config is completed.
11:44:26 INFO  : Processor reset is completed for ps7_cortexa9_0
11:44:29 ERROR : No such port: COM17
12:03:22 INFO  : Invoking Bootgen: bootgen -image Echo3.bif -o K:\users\SVogel\SINGR\SDK\SINGR3\Echo3\bootimage\BOOT.bin
12:03:22 INFO  : Creating new bif file K:\users\SVogel\SINGR\SDK\SINGR3\Echo3\bootimage\Echo3.bif
12:03:23 INFO  : Bootgen command execution is done.
12:03:49 INFO  : Invoking Bootgen: bootgen -image Echo3.bif -o K:\users\SVogel\SINGR\SDK\SINGR3\Echo3\bootimage\BOOT.mcs
12:03:53 INFO  : Bootgen command execution is done.
12:05:12 ERROR : Unexpected error while parsing XMD response ?: com.google.gson.JsonSyntaxException: com.google.gson.stream.MalformedJsonException: invalid number or unquoted string near 
12:08:11 INFO  : Launching XSDB server: xsdb.bat C:/Xilinx/SDK/2015.3/scripts/xsdb/xsdb/xsdb-server.tcl
12:08:13 INFO  : XSDB server has started successfully.
12:18:49 INFO  : Connected to target on host '127.0.0.1' and port '3121'.
12:18:52 INFO  : 'targets -set -filter {jtag_cable_name =~ "Digilent JTAG-HS3 210299A06C82" && level==0} -index 1' command is executed.
12:18:55 INFO  : FPGA configured successfully with bitstream "K:/users/SVogel/SINGR/SDK/SINGR3/design_1_wrapper_hw_platform_0/design_1_wrapper.bit"
12:19:04 INFO  : ps7_init is completed.
12:19:04 INFO  : ps7_post_config is completed.
12:19:05 INFO  : Processor reset is completed for ps7_cortexa9_0
12:19:07 ERROR : No such port: COM17
12:20:34 INFO  : Connected to target on host '127.0.0.1' and port '3121'.
12:20:34 INFO  : 'targets -set -filter {jtag_cable_name =~ "Digilent JTAG-HS3 210299A06C82" && level==0} -index 1' command is executed.
12:20:36 INFO  : FPGA configured successfully with bitstream "K:/users/SVogel/SINGR/SDK/SINGR3/design_1_wrapper_hw_platform_0/design_1_wrapper.bit"
12:20:54 INFO  : ps7_init is completed.
12:20:54 INFO  : ps7_post_config is completed.
12:20:54 INFO  : Processor reset is completed for ps7_cortexa9_0
12:20:56 ERROR : No such port: COM17
12:54:30 ERROR : Unexpected error while parsing XMD response ?: com.google.gson.JsonSyntaxException: com.google.gson.stream.MalformedJsonException: invalid number or unquoted string near 
14:57:55 INFO  : Launching XSDB server: xsdb.bat C:/Xilinx/SDK/2015.3/scripts/xsdb/xsdb/xsdb-server.tcl
14:57:59 INFO  : XSDB server has started successfully.
13:42:47 INFO  : Launching XSDB server: xsdb.bat C:/Xilinx/SDK/2015.3/scripts/xsdb/xsdb/xsdb-server.tcl
13:42:49 INFO  : XSDB server has started successfully.
15:55:57 INFO  : Launching XSDB server: xsdb.bat C:/Xilinx/SDK/2015.3/scripts/xsdb/xsdb/xsdb-server.tcl
15:55:58 INFO  : XSDB server has started successfully.
17:19:48 INFO  : Launching XSDB server: xsdb.bat C:/Xilinx/SDK/2015.3/scripts/xsdb/xsdb/xsdb-server.tcl
17:19:49 INFO  : XSDB server has started successfully.
09:40:36 INFO  : Launching XSDB server: xsdb.bat C:/Xilinx/SDK/2015.3/scripts/xsdb/xsdb/xsdb-server.tcl
09:40:38 INFO  : XSDB server has started successfully.
17:15:36 INFO  : Launching XSDB server: xsdb.bat C:/Xilinx/SDK/2015.3/scripts/xsdb/xsdb/xsdb-server.tcl
17:15:38 INFO  : XSDB server has started successfully.
11:44:00 INFO  : Launching XSDB server: xsdb.bat C:/Xilinx/SDK/2015.3/scripts/xsdb/xsdb/xsdb-server.tcl
11:44:01 INFO  : XSDB server has started successfully.
11:53:24 INFO  : Invoking Bootgen: bootgen -image Echo3_1.bif -o C:\Users\GStoddard\Documents\GitHub\SINGR_DevKit\Echo3\bootimage\BOOT1.bin
11:53:24 INFO  : Creating new bif file C:\Users\GStoddard\Documents\GitHub\SINGR_DevKit\Echo3\bootimage\Echo3_1.bif
11:53:25 INFO  : Bootgen command execution is done.
11:53:52 INFO  : Invoking Bootgen: bootgen -image Echo3_1.bif -o C:\Users\GStoddard\Documents\GitHub\SINGR_DevKit\Echo3\bootimage\BOOT1.mcs
11:53:54 INFO  : Bootgen command execution is done.
12:56:50 INFO  : Launching XSDB server: xsdb.bat C:/Xilinx/SDK/2015.3/scripts/xsdb/xsdb/xsdb-server.tcl
12:56:52 INFO  : XSDB server has started successfully.
15:16:20 INFO  : Connected to target on host '127.0.0.1' and port '3121'.
15:16:23 INFO  : 'targets -set -filter {jtag_cable_name =~ "Digilent JTAG-HS3 210299A06C82" && level==0} -index 1' command is executed.
15:16:26 INFO  : FPGA configured successfully with bitstream "C:/Users/GStoddard/Documents/GitHub/SINGR_DevKit/design_1_wrapper_hw_platform_0/design_1_wrapper.bit"
15:17:15 INFO  : ps7_init is completed.
15:17:16 INFO  : ps7_post_config is completed.
15:17:16 INFO  : Processor reset is completed for ps7_cortexa9_0
15:20:33 INFO  : Connected to target on host '127.0.0.1' and port '3121'.
15:20:33 INFO  : 'targets -set -filter {jtag_cable_name =~ "Digilent JTAG-HS3 210299A06C82" && level==0} -index 1' command is executed.
15:20:35 INFO  : FPGA configured successfully with bitstream "C:/Users/GStoddard/Documents/GitHub/SINGR_DevKit/design_1_wrapper_hw_platform_0/design_1_wrapper.bit"
15:20:43 INFO  : ps7_init is completed.
15:20:43 INFO  : ps7_post_config is completed.
15:20:43 INFO  : Processor reset is completed for ps7_cortexa9_0
15:32:22 INFO  : Connected to target on host '127.0.0.1' and port '3121'.
15:32:23 INFO  : 'targets -set -filter {jtag_cable_name =~ "Digilent JTAG-HS3 210299A06C82" && level==0} -index 1' command is executed.
15:32:25 INFO  : FPGA configured successfully with bitstream "C:/Users/GStoddard/Documents/GitHub/SINGR_DevKit/design_1_wrapper_hw_platform_0/design_1_wrapper.bit"
15:32:29 INFO  : ps7_init is completed.
15:32:29 INFO  : ps7_post_config is completed.
15:32:29 INFO  : Processor reset is completed for ps7_cortexa9_0
15:35:27 INFO  : Connected to target on host '127.0.0.1' and port '3121'.
15:35:27 INFO  : 'targets -set -filter {jtag_cable_name =~ "Digilent JTAG-HS3 210299A06C82" && level==0} -index 1' command is executed.
15:35:30 INFO  : FPGA configured successfully with bitstream "C:/Users/GStoddard/Documents/GitHub/SINGR_DevKit/design_1_wrapper_hw_platform_0/design_1_wrapper.bit"
15:35:37 INFO  : ps7_init is completed.
15:35:37 INFO  : ps7_post_config is completed.
15:35:37 INFO  : Processor reset is completed for ps7_cortexa9_0
17:21:23 INFO  : Invoking Bootgen: bootgen -image Echo3_1.bif -o C:\Users\GStoddard\Documents\GitHub\SINGR_DevKit\Echo3\bootimage\BOOT1.bin -w on
17:21:23 INFO  : Bootgen command execution is done.
17:21:46 INFO  : Invoking Bootgen: bootgen -image Echo3_1.bif -o C:\Users\GStoddard\Documents\GitHub\SINGR_DevKit\Echo3\bootimage\BOOT1.mcs -w on
17:21:48 INFO  : Bootgen command execution is done.
17:29:10 ERROR : Unexpected error while parsing XMD response ?: com.google.gson.JsonSyntaxException: com.google.gson.stream.MalformedJsonException: invalid number or unquoted string near 
17:29:10 INFO  : Launching XSDB server: xsdb.bat C:/Xilinx/SDK/2015.3/scripts/xsdb/xsdb/xsdb-server.tcl
17:32:13 ERROR : Timed out. 180 seconds have elapsed while waiting for XSDB server to launch.
