K:\USERS\GSTODDARD\SINGR GUI\SINGR_GUI_OG\DEBUG\SINGR_GUI.EXE
K:\USERS\GSTODDARD\SINGR GUI\SINGR_GUI_OG\DEBUG\SINGR_GUI.PDB
K:\USERS\GSTODDARD\SINGR GUI\SINGR_GUI_OG\SINGR_GUI\DEBUG\.NETFRAMEWORK,VERSION=V4.0.ASSEMBLYATTRIBUTES.OBJ
K:\USERS\GSTODDARD\SINGR GUI\SINGR_GUI_OG\SINGR_GUI\DEBUG\APP.RES
K:\USERS\GSTODDARD\SINGR GUI\SINGR_GUI_OG\SINGR_GUI\DEBUG\ASSEMBLYINFO.OBJ
K:\USERS\GSTODDARD\SINGR GUI\SINGR_GUI_OG\SINGR_GUI\DEBUG\CAPTUREWAVEFORM.OBJ
K:\users\GStoddard\SINGR GUI\singr_gui_og\singr_gui\Debug\cl.command.1.tlog
K:\users\GStoddard\SINGR GUI\singr_gui_og\singr_gui\Debug\CL.read.1.tlog
K:\users\GStoddard\SINGR GUI\singr_gui_og\singr_gui\Debug\CL.write.1.tlog
K:\USERS\GSTODDARD\SINGR GUI\SINGR_GUI_OG\SINGR_GUI\DEBUG\CLIENTEXAMPLE.OBJ
K:\users\GStoddard\SINGR GUI\singr_gui_og\singr_gui\Debug\link.command.1.tlog
K:\users\GStoddard\SINGR GUI\singr_gui_og\singr_gui\Debug\link.read.1.tlog
K:\users\GStoddard\SINGR GUI\singr_gui_og\singr_gui\Debug\link.write.1.tlog
K:\users\GStoddard\SINGR GUI\singr_gui_og\singr_gui\Debug\link-cvtres.read.1.tlog
K:\users\GStoddard\SINGR GUI\singr_gui_og\singr_gui\Debug\link-cvtres.write.1.tlog
K:\users\GStoddard\SINGR GUI\singr_gui_og\singr_gui\Debug\metagen.read.1.tlog
K:\users\GStoddard\SINGR GUI\singr_gui_og\singr_gui\Debug\metagen.write.1.tlog
K:\users\GStoddard\SINGR GUI\singr_gui_og\singr_gui\Debug\mt.command.1.tlog
K:\users\GStoddard\SINGR GUI\singr_gui_og\singr_gui\Debug\mt.read.1.tlog
K:\users\GStoddard\SINGR GUI\singr_gui_og\singr_gui\Debug\mt.write.1.tlog
K:\users\GStoddard\SINGR GUI\singr_gui_og\singr_gui\Debug\rc.command.1.tlog
K:\users\GStoddard\SINGR GUI\singr_gui_og\singr_gui\Debug\rc.read.1.tlog
K:\users\GStoddard\SINGR GUI\singr_gui_og\singr_gui\Debug\rc.write.1.tlog
K:\users\GStoddard\SINGR GUI\singr_gui_og\singr_gui\Debug\RSAENH.DLL.bi
K:\users\GStoddard\SINGR GUI\singr_gui_og\singr_gui\Debug\singr_gui.captureWaveform.resources
K:\USERS\GSTODDARD\SINGR GUI\SINGR_GUI_OG\SINGR_GUI\DEBUG\SINGR_GUI.EXE.INTERMEDIATE.MANIFEST
K:\users\GStoddard\SINGR GUI\singr_gui_og\singr_gui\Debug\singr_gui.Form1.resources
K:\USERS\GSTODDARD\SINGR GUI\SINGR_GUI_OG\SINGR_GUI\DEBUG\SINGR_GUI.OBJ
K:\USERS\GSTODDARD\SINGR GUI\SINGR_GUI_OG\SINGR_GUI\DEBUG\SINGR_GUI.PCH
K:\users\GStoddard\SINGR GUI\singr_gui_og\singr_gui\Debug\singr_gui.vcxproj.GenerateResource.Cache
K:\users\GStoddard\SINGR GUI\singr_gui_og\singr_gui\Debug\singr_gui.vcxprojResolveAssemblyReference.cache
K:\users\GStoddard\SINGR GUI\singr_gui_og\singr_gui\Debug\singr_gui.write.1.tlog
K:\USERS\GSTODDARD\SINGR GUI\SINGR_GUI_OG\SINGR_GUI\DEBUG\STDAFX.OBJ
K:\users\GStoddard\SINGR GUI\singr_gui_og\singr_gui\Debug\TZRES.DLL.bi
K:\USERS\GSTODDARD\SINGR GUI\SINGR_GUI_OG\SINGR_GUI\DEBUG\VC100.PDB
