#-----------------------------------------------------------
# Webtalk v2017.4 (64-bit)
# SW Build 2086221 on Fri Dec 15 20:55:39 MST 2017
# 
# Start of session at: Mon May 20 12:20:10 2019
# Process ID: 13180
# Current directory: K:/users/GStoddard/SINGR_GitHub_Repository/DevKit/webtalk
# Command line: wbtcv.exe -mode batch -source sdk_webtalk.tcl
# Log file: K:/users/GStoddard/SINGR_GitHub_Repository/DevKit/webtalk/webtalk.log
# Journal file: K:/users/GStoddard/SINGR_GitHub_Repository/DevKit/webtalk\webtalk.jou
#-----------------------------------------------------------
source sdk_webtalk.tcl
# webtalk_init -webtalk_dir K:\\users\\GStoddard\\SINGR_GitHub_Repository\\DevKit\\webtalk
# webtalk_register_client -client project
# webtalk_add_data -client project -key date_generated -value "2019-05-20 12:20:09" -context "software_version_and_target_device"
# webtalk_add_data -client project -key product_version -value "SDK v2017.4" -context "software_version_and_target_device"
# webtalk_add_data -client project -key build_version -value "2017.4" -context "software_version_and_target_device"
# webtalk_add_data -client project -key os_platform -value "amd64" -context "software_version_and_target_device"
# webtalk_add_data -client project -key registration_id -value "211280938_0_0_169" -context "software_version_and_target_device"
# webtalk_add_data -client project -key tool_flow -value "SDK" -context "software_version_and_target_device"
# webtalk_add_data -client project -key beta -value "false" -context "software_version_and_target_device"
# webtalk_add_data -client project -key route_design -value "NA" -context "software_version_and_target_device"
# webtalk_add_data -client project -key target_family -value "NA" -context "software_version_and_target_device"
# webtalk_add_data -client project -key target_device -value "NA" -context "software_version_and_target_device"
# webtalk_add_data -client project -key target_package -value "NA" -context "software_version_and_target_device"
# webtalk_add_data -client project -key target_speed -value "NA" -context "software_version_and_target_device"
# webtalk_add_data -client project -key random_id -value "6niq5af1orfdec0olmvsdde1re" -context "software_version_and_target_device"
# webtalk_add_data -client project -key project_id -value "2017.4_36" -context "software_version_and_target_device"
# webtalk_add_data -client project -key project_iteration -value "36" -context "software_version_and_target_device"
# webtalk_add_data -client project -key os_name -value "Microsoft Windows 7 , 64-bit" -context "user_environment"
# webtalk_add_data -client project -key os_release -value "Service Pack 1  (build 7601)" -context "user_environment"
# webtalk_add_data -client project -key cpu_name -value "Intel(R) Core(TM) i5-3470 CPU @ 3.20GHz" -context "user_environment"
# webtalk_add_data -client project -key cpu_speed -value "3192 MHz" -context "user_environment"
# webtalk_add_data -client project -key total_processors -value "1" -context "user_environment"
# webtalk_add_data -client project -key system_ram -value "8.458 GB" -context "user_environment"
# webtalk_register_client -client sdk
# webtalk_add_data -client sdk -key uid -value "1558368334995" -context "sdk\\\\bsp/1558368334995"
# webtalk_add_data -client sdk -key hwid -value "1555598698356" -context "sdk\\\\bsp/1558368334995"
# webtalk_add_data -client sdk -key os -value "standalone" -context "sdk\\\\bsp/1558368334995"
# webtalk_add_data -client sdk -key apptemplate -value "zynq_fsbl" -context "sdk\\\\bsp/1558368334995"
# webtalk_add_data -client sdk -key RecordType -value "BSPCreation" -context "sdk\\\\bsp/1558368334995"
# webtalk_add_data -client sdk -key uid -value "1558368374684" -context "sdk\\\\application/1558368374684"
# webtalk_add_data -client sdk -key hwid -value "1555598698356" -context "sdk\\\\application/1558368374684"
# webtalk_add_data -client sdk -key bspid -value "1558368334995" -context "sdk\\\\application/1558368374684"
# webtalk_add_data -client sdk -key newbsp -value "true" -context "sdk\\\\application/1558368374684"
# webtalk_add_data -client sdk -key os -value "standalone" -context "sdk\\\\application/1558368374684"
# webtalk_add_data -client sdk -key apptemplate -value "zynq_fsbl" -context "sdk\\\\application/1558368374684"
# webtalk_add_data -client sdk -key RecordType -value "APPCreation" -context "sdk\\\\application/1558368374684"
# webtalk_add_data -client sdk -key LangUsed -value "C" -context "sdk\\\\application/1558368374684"
# webtalk_add_data -client sdk -key Procused -value "ps7_cortexa9" -context "sdk\\\\application/1558368374684"
# webtalk_add_data -client sdk -key projSize -value "350.59765625" -context "sdk\\\\application/1558368374684"
# webtalk_add_data -client sdk -key uid -value "NA" -context "sdk\\\\bsp/1558369208612"
# webtalk_add_data -client sdk -key RecordType -value "ToolUsage" -context "sdk\\\\bsp/1558369208612"
# webtalk_add_data -client sdk -key BootgenCount -value "1" -context "sdk\\\\bsp/1558369208612"
# webtalk_add_data -client sdk -key DebugCount -value "0" -context "sdk\\\\bsp/1558369208612"
# webtalk_add_data -client sdk -key PerfCount -value "0" -context "sdk\\\\bsp/1558369208612"
# webtalk_add_data -client sdk -key FlashCount -value "2" -context "sdk\\\\bsp/1558369208612"
# webtalk_add_data -client sdk -key CrossTriggCount -value "0" -context "sdk\\\\bsp/1558369208612"
# webtalk_add_data -client sdk -key QemuDebugCount -value "0" -context "sdk\\\\bsp/1558369208612"
# webtalk_transmit -clientid 2566907036 -regid "211280938_0_0_169" -xml K:\\users\\GStoddard\\SINGR_GitHub_Repository\\DevKit\\webtalk\\usage_statistics_ext_sdk.xml -html K:\\users\\GStoddard\\SINGR_GitHub_Repository\\DevKit\\webtalk\\usage_statistics_ext_sdk.html -wdm K:\\users\\GStoddard\\SINGR_GitHub_Repository\\DevKit\\webtalk\\sdk_webtalk.wdm -intro "<H3>SDK Usage Report</H3><BR>"
INFO: [Common 17-186] 'K:\users\GStoddard\SINGR_GitHub_Repository\DevKit\webtalk\usage_statistics_ext_sdk.xml' has been successfully sent to Xilinx on Mon May 20 12:20:19 2019. For additional details about this file, please refer to the WebTalk help file at C:/Xilinx/SDK/2017.4/doc/webtalk_introduction.html.
# webtalk_terminate
INFO: [Common 17-206] Exiting Webtalk at Mon May 20 12:20:19 2019...
