K:\USERS\GSTODDARD\SINGR GUI\SINGR_GUI_OG\RELEASE\SINGR_GUI.EXE
K:\USERS\GSTODDARD\SINGR GUI\SINGR_GUI_OG\RELEASE\SINGR_GUI.PDB
K:\USERS\GSTODDARD\SINGR GUI\SINGR_GUI_OG\SINGR_GUI\RELEASE\.NETFRAMEWORK,VERSION=V4.0.ASSEMBLYATTRIBUTES.OBJ
K:\USERS\GSTODDARD\SINGR GUI\SINGR_GUI_OG\SINGR_GUI\RELEASE\APP.RES
K:\USERS\GSTODDARD\SINGR GUI\SINGR_GUI_OG\SINGR_GUI\RELEASE\ASSEMBLYINFO.OBJ
K:\USERS\GSTODDARD\SINGR GUI\SINGR_GUI_OG\SINGR_GUI\RELEASE\CAPTUREWAVEFORM.OBJ
K:\USERS\GSTODDARD\SINGR GUI\SINGR_GUI_OG\SINGR_GUI\RELEASE\CHANGEAXESPOPUP.OBJ
K:\users\GStoddard\SINGR GUI\singr_gui_og\singr_gui\Release\cl.command.1.tlog
K:\users\GStoddard\SINGR GUI\singr_gui_og\singr_gui\Release\CL.read.1.tlog
K:\users\GStoddard\SINGR GUI\singr_gui_og\singr_gui\Release\CL.write.1.tlog
K:\USERS\GSTODDARD\SINGR GUI\SINGR_GUI_OG\SINGR_GUI\RELEASE\CLIENTEXAMPLE.OBJ
K:\users\GStoddard\SINGR GUI\singr_gui_og\singr_gui\Release\link.command.1.tlog
K:\users\GStoddard\SINGR GUI\singr_gui_og\singr_gui\Release\link.read.1.tlog
K:\users\GStoddard\SINGR GUI\singr_gui_og\singr_gui\Release\link.write.1.tlog
K:\users\GStoddard\SINGR GUI\singr_gui_og\singr_gui\Release\link-cvtres.read.1.tlog
K:\users\GStoddard\SINGR GUI\singr_gui_og\singr_gui\Release\link-cvtres.write.1.tlog
K:\users\GStoddard\SINGR GUI\singr_gui_og\singr_gui\Release\metagen.read.1.tlog
K:\users\GStoddard\SINGR GUI\singr_gui_og\singr_gui\Release\metagen.write.1.tlog
K:\users\GStoddard\SINGR GUI\singr_gui_og\singr_gui\Release\mt.command.1.tlog
K:\users\GStoddard\SINGR GUI\singr_gui_og\singr_gui\Release\mt.read.1.tlog
K:\users\GStoddard\SINGR GUI\singr_gui_og\singr_gui\Release\mt.write.1.tlog
K:\users\GStoddard\SINGR GUI\singr_gui_og\singr_gui\Release\rc.command.1.tlog
K:\users\GStoddard\SINGR GUI\singr_gui_og\singr_gui\Release\rc.read.1.tlog
K:\users\GStoddard\SINGR GUI\singr_gui_og\singr_gui\Release\rc.write.1.tlog
K:\users\GStoddard\SINGR GUI\singr_gui_og\singr_gui\Release\RSAENH.DLL.bi
K:\USERS\GSTODDARD\SINGR GUI\SINGR_GUI_OG\SINGR_GUI\RELEASE\SETCUTSPOPUP.OBJ
K:\users\GStoddard\SINGR GUI\singr_gui_og\singr_gui\Release\singr_gui.captureWaveform.resources
K:\users\GStoddard\SINGR GUI\singr_gui_og\singr_gui\Release\singr_gui.changeAxesPopUp.resources
K:\USERS\GSTODDARD\SINGR GUI\SINGR_GUI_OG\SINGR_GUI\RELEASE\SINGR_GUI.EXE.INTERMEDIATE.MANIFEST
K:\users\GStoddard\SINGR GUI\singr_gui_og\singr_gui\Release\singr_gui.Form1.resources
K:\USERS\GSTODDARD\SINGR GUI\SINGR_GUI_OG\SINGR_GUI\RELEASE\SINGR_GUI.OBJ
K:\USERS\GSTODDARD\SINGR GUI\SINGR_GUI_OG\SINGR_GUI\RELEASE\SINGR_GUI.PCH
K:\users\GStoddard\SINGR GUI\singr_gui_og\singr_gui\Release\singr_gui.setCutsPopUp.resources
K:\users\GStoddard\SINGR GUI\singr_gui_og\singr_gui\Release\singr_gui.vcxproj.GenerateResource.Cache
K:\users\GStoddard\SINGR GUI\singr_gui_og\singr_gui\Release\singr_gui.vcxprojResolveAssemblyReference.cache
K:\users\GStoddard\SINGR GUI\singr_gui_og\singr_gui\Release\singr_gui.write.1.tlog
K:\USERS\GSTODDARD\SINGR GUI\SINGR_GUI_OG\SINGR_GUI\RELEASE\STDAFX.OBJ
K:\users\GStoddard\SINGR GUI\singr_gui_og\singr_gui\Release\TZRES.DLL.bi
K:\USERS\GSTODDARD\SINGR GUI\SINGR_GUI_OG\SINGR_GUI\RELEASE\VC100.PDB
